# JRE version: OpenJDK Runtime Environment (17.0.10) (build 17.0.10+0--11572160)
# Java VM: OpenJDK 64-Bit Server VM (17.0.10+0--11572160, mixed mode, tiered, compressed oops, compressed class ptrs, g1 gc, windows-amd64)
GC Precious Log:
 CPUs: 8 total, 8 available
 Memory: 16144M
 Large Page Support: Disabled
 NUMA Support: Disabled
 Compressed Oops: Enabled (32-bit)
 Heap Region Size: 1M
 Heap Min Capacity: 8M
 Heap Initial Capacity: 254M
 Heap Max Capacity: 2G
 Pre-touch: Disabled
 Parallel Workers: 8
 Concurrent Workers: 2
 Concurrent Refinement Workers: 8
 Periodic GC: Disabled
Heap:
 garbage-first heap   total 260096K, used 129039K [0x0000000080000000, 0x0000000100000000)
  region size 1024K, 7 young (7168K), 7 survivors (7168K)
 Metaspace       used 113508K, committed 114368K, reserved 1179648K
  class space    used 15500K, committed 15936K, reserved 1048576K
GC Heap History (20 events):
Event: 198.777 GC heap after
{Heap after GC invocations=40 (full 0):
 garbage-first heap   total 190464K, used 102291K [0x0000000080000000, 0x0000000100000000)
  region size 1024K, 9 young (9216K), 9 survivors (9216K)
 Metaspace       used 100200K, committed 100992K, reserved 1179648K
  class space    used 14056K, committed 14400K, reserved 1048576K
}
Event: 199.204 GC heap before
{Heap before GC invocations=40 (full 0):
 garbage-first heap   total 190464K, used 161683K [0x0000000080000000, 0x0000000100000000)
  region size 1024K, 61 young (62464K), 9 survivors (9216K)
 Metaspace       used 102506K, committed 103296K, reserved 1179648K
  class space    used 14287K, committed 14656K, reserved 1048576K
}
Event: 199.213 GC heap after
{Heap after GC invocations=41 (full 0):
 garbage-first heap   total 190464K, used 109299K [0x0000000080000000, 0x0000000100000000)
  region size 1024K, 7 young (7168K), 7 survivors (7168K)
 Metaspace       used 102506K, committed 103296K, reserved 1179648K
  class space    used 14287K, committed 14656K, reserved 1048576K
}
Event: 199.694 GC heap before
{Heap before GC invocations=41 (full 0):
 garbage-first heap   total 190464K, used 154355K [0x0000000080000000, 0x0000000100000000)
  region size 1024K, 52 young (53248K), 7 survivors (7168K)
 Metaspace       used 104147K, committed 104960K, reserved 1179648K
  class space    used 14473K, committed 14848K, reserved 1048576K
}
Event: 199.707 GC heap after
{Heap after GC invocations=42 (full 0):
 garbage-first heap   total 190464K, used 124640K [0x0000000080000000, 0x0000000100000000)
  region size 1024K, 7 young (7168K), 7 survivors (7168K)
 Metaspace       used 104147K, committed 104960K, reserved 1179648K
  class space    used 14473K, committed 14848K, reserved 1048576K
}
Event: 200.051 GC heap before
{Heap before GC invocations=42 (full 0):
 garbage-first heap   total 190464K, used 159456K [0x0000000080000000, 0x0000000100000000)
  region size 1024K, 34 young (34816K), 7 survivors (7168K)
 Metaspace       used 104986K, committed 105728K, reserved 1179648K
  class space    used 14590K, committed 14912K, reserved 1048576K
}
Event: 200.059 GC heap after
{Heap after GC invocations=43 (full 0):
 garbage-first heap   total 229376K, used 128420K [0x0000000080000000, 0x0000000100000000)
  region size 1024K, 4 young (4096K), 4 survivors (4096K)
 Metaspace       used 104986K, committed 105728K, reserved 1179648K
  class space    used 14590K, committed 14912K, reserved 1048576K
}
Event: 200.628 GC heap before
{Heap before GC invocations=44 (full 0):
 garbage-first heap   total 230400K, used 191908K [0x0000000080000000, 0x0000000100000000)
  region size 1024K, 50 young (51200K), 4 survivors (4096K)
 Metaspace       used 107874K, committed 108608K, reserved 1179648K
  class space    used 14916K, committed 15232K, reserved 1048576K
}
Event: 200.635 GC heap after
{Heap after GC invocations=45 (full 0):
 garbage-first heap   total 230400K, used 130561K [0x0000000080000000, 0x0000000100000000)
  region size 1024K, 6 young (6144K), 6 survivors (6144K)
 Metaspace       used 107874K, committed 108608K, reserved 1179648K
  class space    used 14916K, committed 15232K, reserved 1048576K
}
Event: 200.670 GC heap before
{Heap before GC invocations=45 (full 0):
 garbage-first heap   total 230400K, used 134657K [0x0000000080000000, 0x0000000100000000)
  region size 1024K, 11 young (11264K), 6 survivors (6144K)
 Metaspace       used 108368K, committed 109184K, reserved 1179648K
  class space    used 14953K, committed 15360K, reserved 1048576K
}
Event: 200.675 GC heap after
{Heap after GC invocations=46 (full 0):
 garbage-first heap   total 230400K, used 128912K [0x0000000080000000, 0x0000000100000000)
  region size 1024K, 1 young (1024K), 1 survivors (1024K)
 Metaspace       used 108368K, committed 109184K, reserved 1179648K
  class space    used 14953K, committed 15360K, reserved 1048576K
}
Event: 201.014 GC heap before
{Heap before GC invocations=46 (full 0):
 garbage-first heap   total 230400K, used 179088K [0x0000000080000000, 0x0000000100000000)
  region size 1024K, 51 young (52224K), 1 survivors (1024K)
 Metaspace       used 109713K, committed 110528K, reserved 1179648K
  class space    used 15101K, committed 15552K, reserved 1048576K
}
Event: 201.021 GC heap after
{Heap after GC invocations=47 (full 0):
 garbage-first heap   total 230400K, used 134733K [0x0000000080000000, 0x0000000100000000)
  region size 1024K, 7 young (7168K), 7 survivors (7168K)
 Metaspace       used 109713K, committed 110528K, reserved 1179648K
  class space    used 15101K, committed 15552K, reserved 1048576K
}
Event: 201.342 GC heap before
{Heap before GC invocations=48 (full 0):
 garbage-first heap   total 230400K, used 170573K [0x0000000080000000, 0x0000000100000000)
  region size 1024K, 54 young (55296K), 7 survivors (7168K)
 Metaspace       used 111032K, committed 111872K, reserved 1179648K
  class space    used 15225K, committed 15616K, reserved 1048576K
}
Event: 201.350 GC heap after
{Heap after GC invocations=49 (full 0):
 garbage-first heap   total 230400K, used 126958K [0x0000000080000000, 0x0000000100000000)
  region size 1024K, 6 young (6144K), 6 survivors (6144K)
 Metaspace       used 111032K, committed 111872K, reserved 1179648K
  class space    used 15225K, committed 15616K, reserved 1048576K
}
Event: 201.388 GC heap before
{Heap before GC invocations=49 (full 0):
 garbage-first heap   total 230400K, used 132078K [0x0000000080000000, 0x0000000100000000)
  region size 1024K, 11 young (11264K), 6 survivors (6144K)
 Metaspace       used 111332K, committed 112192K, reserved 1179648K
  class space    used 15251K, committed 15680K, reserved 1048576K
}
Event: 201.394 GC heap after
{Heap after GC invocations=50 (full 0):
 garbage-first heap   total 230400K, used 117645K [0x0000000080000000, 0x0000000100000000)
  region size 1024K, 2 young (2048K), 2 survivors (2048K)
 Metaspace       used 111332K, committed 112192K, reserved 1179648K
  class space    used 15251K, committed 15680K, reserved 1048576K
}
Event: 201.680 GC heap before
{Heap before GC invocations=50 (full 0):
 garbage-first heap   total 230400K, used 177037K [0x0000000080000000, 0x0000000100000000)
  region size 1024K, 61 young (62464K), 2 survivors (2048K)
 Metaspace       used 112200K, committed 113024K, reserved 1179648K
  class space    used 15330K, committed 15744K, reserved 1048576K
}
Event: 201.686 GC heap after
{Heap after GC invocations=51 (full 0):
 garbage-first heap   total 230400K, used 124396K [0x0000000080000000, 0x0000000100000000)
  region size 1024K, 8 young (8192K), 8 survivors (8192K)
 Metaspace       used 112200K, committed 113024K, reserved 1179648K
  class space    used 15330K, committed 15744K, reserved 1048576K
}
Event: 202.065 GC heap before
{Heap before GC invocations=51 (full 0):
 garbage-first heap   total 230400K, used 180716K [0x0000000080000000, 0x0000000100000000)
  region size 1024K, 64 young (65536K), 8 survivors (8192K)
 Metaspace       used 113508K, committed 114368K, reserved 1179648K
  class space    used 15500K, committed 15936K, reserved 1048576K
}

