# JRE version: OpenJDK Runtime Environment (17.0.10) (build 17.0.10+0--11572160)
# Java VM: OpenJDK 64-Bit Server VM (17.0.10+0--11572160, mixed mode, tiered, compressed oops, compressed class ptrs, g1 gc, windows-amd64)
GC Precious Log:
 CPUs: 8 total, 8 available
 Memory: 16144M
 Large Page Support: Disabled
 NUMA Support: Disabled
 Compressed Oops: Enabled (32-bit)
 Heap Region Size: 1M
 Heap Min Capacity: 8M
 Heap Initial Capacity: 254M
 Heap Max Capacity: 2G
 Pre-touch: Disabled
 Parallel Workers: 8
 Concurrent Workers: 2
 Concurrent Refinement Workers: 8
 Periodic GC: Disabled
Heap:
 garbage-first heap   total 231424K, used 190327K [0x0000000080000000, 0x0000000100000000)
  region size 1024K, 71 young (72704K), 7 survivors (7168K)
 Metaspace       used 125858K, committed 126784K, reserved 1179648K
  class space    used 17861K, committed 18304K, reserved 1048576K
GC Heap History (20 events):
Event: 199.752 GC heap before
{Heap before GC invocations=29 (full 0):
 garbage-first heap   total 163840K, used 93923K [0x0000000080000000, 0x0000000100000000)
  region size 1024K, 8 young (8192K), 4 survivors (4096K)
 Metaspace       used 82435K, committed 83072K, reserved 1179648K
  class space    used 11268K, committed 11584K, reserved 1048576K
}
Event: 199.759 GC heap after
{Heap after GC invocations=30 (full 0):
 garbage-first heap   total 163840K, used 88630K [0x0000000080000000, 0x0000000100000000)
  region size 1024K, 1 young (1024K), 1 survivors (1024K)
 Metaspace       used 82435K, committed 83072K, reserved 1179648K
  class space    used 11268K, committed 11584K, reserved 1048576K
}
Event: 200.321 GC heap before
{Heap before GC invocations=30 (full 0):
 garbage-first heap   total 163840K, used 132662K [0x0000000080000000, 0x0000000100000000)
  region size 1024K, 44 young (45056K), 1 survivors (1024K)
 Metaspace       used 85555K, committed 86208K, reserved 1179648K
  class space    used 11895K, committed 12224K, reserved 1048576K
}
Event: 200.325 GC heap after
{Heap after GC invocations=31 (full 0):
 garbage-first heap   total 231424K, used 89746K [0x0000000080000000, 0x0000000100000000)
  region size 1024K, 3 young (3072K), 3 survivors (3072K)
 Metaspace       used 85555K, committed 86208K, reserved 1179648K
  class space    used 11895K, committed 12224K, reserved 1048576K
}
Event: 201.666 GC heap before
{Heap before GC invocations=32 (full 0):
 garbage-first heap   total 231424K, used 177810K [0x0000000080000000, 0x0000000100000000)
  region size 1024K, 89 young (91136K), 3 survivors (3072K)
 Metaspace       used 91729K, committed 92480K, reserved 1179648K
  class space    used 12805K, committed 13184K, reserved 1048576K
}
Event: 201.675 GC heap after
{Heap after GC invocations=33 (full 0):
 garbage-first heap   total 231424K, used 94037K [0x0000000080000000, 0x0000000100000000)
  region size 1024K, 7 young (7168K), 7 survivors (7168K)
 Metaspace       used 91729K, committed 92480K, reserved 1179648K
  class space    used 12805K, committed 13184K, reserved 1048576K
}
Event: 201.729 GC heap before
{Heap before GC invocations=33 (full 0):
 garbage-first heap   total 231424K, used 98133K [0x0000000080000000, 0x0000000100000000)
  region size 1024K, 11 young (11264K), 7 survivors (7168K)
 Metaspace       used 92092K, committed 92800K, reserved 1179648K
  class space    used 12855K, committed 13184K, reserved 1048576K
}
Event: 201.738 GC heap after
{Heap after GC invocations=34 (full 0):
 garbage-first heap   total 231424K, used 93607K [0x0000000080000000, 0x0000000100000000)
  region size 1024K, 1 young (1024K), 1 survivors (1024K)
 Metaspace       used 92092K, committed 92800K, reserved 1179648K
  class space    used 12855K, committed 13184K, reserved 1048576K
}
Event: 203.650 GC heap before
{Heap before GC invocations=34 (full 0):
 garbage-first heap   total 231424K, used 187815K [0x0000000080000000, 0x0000000100000000)
  region size 1024K, 93 young (95232K), 1 survivors (1024K)
 Metaspace       used 99533K, committed 100288K, reserved 1179648K
  class space    used 13985K, committed 14336K, reserved 1048576K
}
Event: 203.660 GC heap after
{Heap after GC invocations=35 (full 0):
 garbage-first heap   total 231424K, used 98365K [0x0000000080000000, 0x0000000100000000)
  region size 1024K, 6 young (6144K), 6 survivors (6144K)
 Metaspace       used 99533K, committed 100288K, reserved 1179648K
  class space    used 13985K, committed 14336K, reserved 1048576K
}
Event: 204.407 GC heap before
{Heap before GC invocations=35 (full 0):
 garbage-first heap   total 231424K, used 187453K [0x0000000080000000, 0x0000000100000000)
  region size 1024K, 94 young (96256K), 6 survivors (6144K)
 Metaspace       used 100806K, committed 101568K, reserved 1179648K
  class space    used 14155K, committed 14528K, reserved 1048576K
}
Event: 204.417 GC heap after
{Heap after GC invocations=36 (full 0):
 garbage-first heap   total 231424K, used 104772K [0x0000000080000000, 0x0000000100000000)
  region size 1024K, 12 young (12288K), 12 survivors (12288K)
 Metaspace       used 100806K, committed 101568K, reserved 1179648K
  class space    used 14155K, committed 14528K, reserved 1048576K
}
Event: 204.929 GC heap before
{Heap before GC invocations=36 (full 0):
 garbage-first heap   total 231424K, used 188740K [0x0000000080000000, 0x0000000100000000)
  region size 1024K, 95 young (97280K), 12 survivors (12288K)
 Metaspace       used 101273K, committed 102080K, reserved 1179648K
  class space    used 14198K, committed 14592K, reserved 1048576K
}
Event: 204.942 GC heap after
{Heap after GC invocations=37 (full 0):
 garbage-first heap   total 231424K, used 107994K [0x0000000080000000, 0x0000000100000000)
  region size 1024K, 6 young (6144K), 6 survivors (6144K)
 Metaspace       used 101273K, committed 102080K, reserved 1179648K
  class space    used 14198K, committed 14592K, reserved 1048576K
}
Event: 205.939 GC heap before
{Heap before GC invocations=37 (full 0):
 garbage-first heap   total 231424K, used 189914K [0x0000000080000000, 0x0000000100000000)
  region size 1024K, 87 young (89088K), 6 survivors (6144K)
 Metaspace       used 104866K, committed 105600K, reserved 1179648K
  class space    used 14696K, committed 15040K, reserved 1048576K
}
Event: 205.950 GC heap after
{Heap after GC invocations=38 (full 0):
 garbage-first heap   total 231424K, used 112300K [0x0000000080000000, 0x0000000100000000)
  region size 1024K, 11 young (11264K), 11 survivors (11264K)
 Metaspace       used 104866K, committed 105600K, reserved 1179648K
  class space    used 14696K, committed 15040K, reserved 1048576K
}
Event: 219.968 GC heap before
{Heap before GC invocations=38 (full 0):
 garbage-first heap   total 231424K, used 193196K [0x0000000080000000, 0x0000000100000000)
  region size 1024K, 86 young (88064K), 11 survivors (11264K)
 Metaspace       used 110873K, committed 111680K, reserved 1179648K
  class space    used 15486K, committed 15872K, reserved 1048576K
}
Event: 219.981 GC heap after
{Heap after GC invocations=39 (full 0):
 garbage-first heap   total 231424K, used 115600K [0x0000000080000000, 0x0000000100000000)
  region size 1024K, 6 young (6144K), 6 survivors (6144K)
 Metaspace       used 110873K, committed 111680K, reserved 1179648K
  class space    used 15486K, committed 15872K, reserved 1048576K
}
Event: 221.843 GC heap before
{Heap before GC invocations=39 (full 0):
 garbage-first heap   total 231424K, used 189328K [0x0000000080000000, 0x0000000100000000)
  region size 1024K, 79 young (80896K), 6 survivors (6144K)
 Metaspace       used 120746K, committed 121600K, reserved 1179648K
  class space    used 17031K, committed 17472K, reserved 1048576K
}
Event: 221.861 GC heap after
{Heap after GC invocations=40 (full 0):
 garbage-first heap   total 231424K, used 116599K [0x0000000080000000, 0x0000000100000000)
  region size 1024K, 7 young (7168K), 7 survivors (7168K)
 Metaspace       used 120746K, committed 121600K, reserved 1179648K
  class space    used 17031K, committed 17472K, reserved 1048576K
}

