# JRE version: OpenJDK Runtime Environment (17.0.10) (build 17.0.10+0--11572160)
# Java VM: OpenJDK 64-Bit Server VM (17.0.10+0--11572160, mixed mode, tiered, compressed oops, compressed class ptrs, g1 gc, windows-amd64)
GC Precious Log:
 CPUs: 8 total, 8 available
 Memory: 16144M
 Large Page Support: Disabled
 NUMA Support: Disabled
 Compressed Oops: Enabled (Zero based)
 Heap Region Size: 2M
 Heap Min Capacity: 8M
 Heap Initial Capacity: 254M
 Heap Max Capacity: 4038M
 Pre-touch: Disabled
 Parallel Workers: 8
 Concurrent Workers: 2
 Concurrent Refinement Workers: 8
 Periodic GC: Disabled
Heap:
 garbage-first heap   total 151552K, used 75315K [0x0000000703a00000, 0x0000000800000000)
  region size 2048K, 28 young (57344K), 1 survivors (2048K)
 Metaspace       used 51134K, committed 51328K, reserved 1114112K
  class space    used 6235K, committed 6336K, reserved 1048576K
GC Heap History (20 events):
Event: 0.965 GC heap before
{Heap before GC invocations=0 (full 0):
 garbage-first heap   total 260096K, used 24576K [0x0000000703a00000, 0x0000000800000000)
  region size 2048K, 11 young (22528K), 0 survivors (0K)
 Metaspace       used 12936K, committed 13056K, reserved 1114112K
  class space    used 1234K, committed 1280K, reserved 1048576K
}
Event: 0.967 GC heap after
{Heap after GC invocations=1 (full 0):
 garbage-first heap   total 260096K, used 6698K [0x0000000703a00000, 0x0000000800000000)
  region size 2048K, 2 young (4096K), 2 survivors (4096K)
 Metaspace       used 12936K, committed 13056K, reserved 1114112K
  class space    used 1234K, committed 1280K, reserved 1048576K
}
Event: 2.115 GC heap before
{Heap before GC invocations=1 (full 0):
 garbage-first heap   total 260096K, used 39466K [0x0000000703a00000, 0x0000000800000000)
  region size 2048K, 19 young (38912K), 2 survivors (4096K)
 Metaspace       used 21371K, committed 21504K, reserved 1114112K
  class space    used 2326K, committed 2432K, reserved 1048576K
}
Event: 2.119 GC heap after
{Heap after GC invocations=2 (full 0):
 garbage-first heap   total 260096K, used 8352K [0x0000000703a00000, 0x0000000800000000)
  region size 2048K, 3 young (6144K), 3 survivors (6144K)
 Metaspace       used 21371K, committed 21504K, reserved 1114112K
  class space    used 2326K, committed 2432K, reserved 1048576K
}
Event: 3.357 GC heap before
{Heap before GC invocations=3 (full 0):
 garbage-first heap   total 40960K, used 28832K [0x0000000703a00000, 0x0000000800000000)
  region size 2048K, 14 young (28672K), 3 survivors (6144K)
 Metaspace       used 28530K, committed 28736K, reserved 1114112K
  class space    used 3541K, committed 3648K, reserved 1048576K
}
Event: 3.362 GC heap after
{Heap after GC invocations=4 (full 0):
 garbage-first heap   total 40960K, used 9291K [0x0000000703a00000, 0x0000000800000000)
  region size 2048K, 3 young (6144K), 3 survivors (6144K)
 Metaspace       used 28530K, committed 28736K, reserved 1114112K
  class space    used 3541K, committed 3648K, reserved 1048576K
}
Event: 3.718 GC heap before
{Heap before GC invocations=4 (full 0):
 garbage-first heap   total 40960K, used 29771K [0x0000000703a00000, 0x0000000800000000)
  region size 2048K, 12 young (24576K), 3 survivors (6144K)
 Metaspace       used 30706K, committed 30912K, reserved 1114112K
  class space    used 3978K, committed 4032K, reserved 1048576K
}
Event: 3.726 GC heap after
{Heap after GC invocations=5 (full 0):
 garbage-first heap   total 40960K, used 15110K [0x0000000703a00000, 0x0000000800000000)
  region size 2048K, 2 young (4096K), 2 survivors (4096K)
 Metaspace       used 30706K, committed 30912K, reserved 1114112K
  class space    used 3978K, committed 4032K, reserved 1048576K
}
Event: 4.522 GC heap before
{Heap before GC invocations=5 (full 0):
 garbage-first heap   total 40960K, used 27398K [0x0000000703a00000, 0x0000000800000000)
  region size 2048K, 9 young (18432K), 2 survivors (4096K)
 Metaspace       used 34310K, committed 34560K, reserved 1114112K
  class space    used 4371K, committed 4480K, reserved 1048576K
}
Event: 4.529 GC heap after
{Heap after GC invocations=6 (full 0):
 garbage-first heap   total 40960K, used 14743K [0x0000000703a00000, 0x0000000800000000)
  region size 2048K, 1 young (2048K), 1 survivors (2048K)
 Metaspace       used 34310K, committed 34560K, reserved 1114112K
  class space    used 4371K, committed 4480K, reserved 1048576K
}
Event: 4.741 GC heap before
{Heap before GC invocations=6 (full 0):
 garbage-first heap   total 40960K, used 20887K [0x0000000703a00000, 0x0000000800000000)
  region size 2048K, 5 young (10240K), 1 survivors (2048K)
 Metaspace       used 35750K, committed 35968K, reserved 1114112K
  class space    used 4535K, committed 4672K, reserved 1048576K
}
Event: 4.744 GC heap after
{Heap after GC invocations=7 (full 0):
 garbage-first heap   total 40960K, used 15936K [0x0000000703a00000, 0x0000000800000000)
  region size 2048K, 1 young (2048K), 1 survivors (2048K)
 Metaspace       used 35750K, committed 35968K, reserved 1114112K
  class space    used 4535K, committed 4672K, reserved 1048576K
}
Event: 5.156 GC heap before
{Heap before GC invocations=8 (full 0):
 garbage-first heap   total 40960K, used 28224K [0x0000000703a00000, 0x0000000800000000)
  region size 2048K, 7 young (14336K), 1 survivors (2048K)
 Metaspace       used 38290K, committed 38464K, reserved 1114112K
  class space    used 4770K, committed 4864K, reserved 1048576K
}
Event: 5.160 GC heap after
{Heap after GC invocations=9 (full 0):
 garbage-first heap   total 40960K, used 17135K [0x0000000703a00000, 0x0000000800000000)
  region size 2048K, 1 young (2048K), 1 survivors (2048K)
 Metaspace       used 38290K, committed 38464K, reserved 1114112K
  class space    used 4770K, committed 4864K, reserved 1048576K
}
Event: 5.452 GC heap before
{Heap before GC invocations=9 (full 0):
 garbage-first heap   total 40960K, used 27375K [0x0000000703a00000, 0x0000000800000000)
  region size 2048K, 7 young (14336K), 1 survivors (2048K)
 Metaspace       used 40671K, committed 40896K, reserved 1114112K
  class space    used 4996K, committed 5120K, reserved 1048576K
}
Event: 5.455 GC heap after
{Heap after GC invocations=10 (full 0):
 garbage-first heap   total 40960K, used 18242K [0x0000000703a00000, 0x0000000800000000)
  region size 2048K, 1 young (2048K), 1 survivors (2048K)
 Metaspace       used 40671K, committed 40896K, reserved 1114112K
  class space    used 4996K, committed 5120K, reserved 1048576K
}
Event: 5.749 GC heap before
{Heap before GC invocations=10 (full 0):
 garbage-first heap   total 40960K, used 26434K [0x0000000703a00000, 0x0000000800000000)
  region size 2048K, 6 young (12288K), 1 survivors (2048K)
 Metaspace       used 43752K, committed 43968K, reserved 1114112K
  class space    used 5393K, committed 5504K, reserved 1048576K
}
Event: 5.753 GC heap after
{Heap after GC invocations=11 (full 0):
 garbage-first heap   total 40960K, used 18700K [0x0000000703a00000, 0x0000000800000000)
  region size 2048K, 1 young (2048K), 1 survivors (2048K)
 Metaspace       used 43752K, committed 43968K, reserved 1114112K
  class space    used 5393K, committed 5504K, reserved 1048576K
}
Event: 6.190 GC heap before
{Heap before GC invocations=11 (full 0):
 garbage-first heap   total 40960K, used 28940K [0x0000000703a00000, 0x0000000800000000)
  region size 2048K, 7 young (14336K), 1 survivors (2048K)
 Metaspace       used 46065K, committed 46336K, reserved 1114112K
  class space    used 5656K, committed 5760K, reserved 1048576K
}
Event: 6.196 GC heap after
{Heap after GC invocations=12 (full 0):
 garbage-first heap   total 151552K, used 20019K [0x0000000703a00000, 0x0000000800000000)
  region size 2048K, 1 young (2048K), 1 survivors (2048K)
 Metaspace       used 46065K, committed 46336K, reserved 1114112K
  class space    used 5656K, committed 5760K, reserved 1048576K
}

