# JRE version: OpenJDK Runtime Environment (17.0.10) (build 17.0.10+0--11572160)
# Java VM: OpenJDK 64-Bit Server VM (17.0.10+0--11572160, mixed mode, tiered, compressed oops, compressed class ptrs, g1 gc, windows-amd64)
GC Precious Log:
 CPUs: 8 total, 8 available
 Memory: 16144M
 Large Page Support: Disabled
 NUMA Support: Disabled
 Compressed Oops: Enabled (32-bit)
 Heap Region Size: 1M
 Heap Min Capacity: 8M
 Heap Initial Capacity: 254M
 Heap Max Capacity: 2G
 Pre-touch: Disabled
 Parallel Workers: 8
 Concurrent Workers: 2
 Concurrent Refinement Workers: 8
 Periodic GC: Disabled
Heap:
 garbage-first heap   total 261120K, used 132170K [0x0000000080000000, 0x0000000100000000)
  region size 1024K, 4 young (4096K), 4 survivors (4096K)
 Metaspace       used 109082K, committed 109824K, reserved 1179648K
  class space    used 15058K, committed 15424K, reserved 1048576K
GC Heap History (20 events):
Event: 200.200 GC heap after
{Heap after GC invocations=30 (full 0):
 garbage-first heap   total 183296K, used 93374K [0x0000000080000000, 0x0000000100000000)
  region size 1024K, 1 young (1024K), 1 survivors (1024K)
 Metaspace       used 90587K, committed 91328K, reserved 1179648K
  class space    used 12652K, committed 12992K, reserved 1048576K
}
Event: 201.037 GC heap before
{Heap before GC invocations=30 (full 0):
 garbage-first heap   total 183296K, used 148670K [0x0000000080000000, 0x0000000100000000)
  region size 1024K, 55 young (56320K), 1 survivors (1024K)
 Metaspace       used 94625K, committed 95360K, reserved 1179648K
  class space    used 13284K, committed 13632K, reserved 1048576K
}
Event: 201.041 GC heap after
{Heap after GC invocations=31 (full 0):
 garbage-first heap   total 183296K, used 95425K [0x0000000080000000, 0x0000000100000000)
  region size 1024K, 3 young (3072K), 3 survivors (3072K)
 Metaspace       used 94625K, committed 95360K, reserved 1179648K
  class space    used 13284K, committed 13632K, reserved 1048576K
}
Event: 201.920 GC heap before
{Heap before GC invocations=32 (full 0):
 garbage-first heap   total 183296K, used 149697K [0x0000000080000000, 0x0000000100000000)
  region size 1024K, 56 young (57344K), 3 survivors (3072K)
 Metaspace       used 98864K, committed 99584K, reserved 1179648K
  class space    used 13864K, committed 14208K, reserved 1048576K
}
Event: 201.931 GC heap after
{Heap after GC invocations=33 (full 0):
 garbage-first heap   total 183296K, used 99106K [0x0000000080000000, 0x0000000100000000)
  region size 1024K, 7 young (7168K), 7 survivors (7168K)
 Metaspace       used 98864K, committed 99584K, reserved 1179648K
  class space    used 13864K, committed 14208K, reserved 1048576K
}
Event: 201.959 GC heap before
{Heap before GC invocations=33 (full 0):
 garbage-first heap   total 183296K, used 100130K [0x0000000080000000, 0x0000000100000000)
  region size 1024K, 8 young (8192K), 7 survivors (7168K)
 Metaspace       used 98987K, committed 99712K, reserved 1179648K
  class space    used 13884K, committed 14208K, reserved 1048576K
}
Event: 201.968 GC heap after
{Heap after GC invocations=34 (full 0):
 garbage-first heap   total 183296K, used 98948K [0x0000000080000000, 0x0000000100000000)
  region size 1024K, 1 young (1024K), 1 survivors (1024K)
 Metaspace       used 98987K, committed 99712K, reserved 1179648K
  class space    used 13884K, committed 14208K, reserved 1048576K
}
Event: 202.619 GC heap before
{Heap before GC invocations=34 (full 0):
 garbage-first heap   total 183296K, used 150148K [0x0000000080000000, 0x0000000100000000)
  region size 1024K, 52 young (53248K), 1 survivors (1024K)
 Metaspace       used 100141K, committed 100864K, reserved 1179648K
  class space    used 14066K, committed 14400K, reserved 1048576K
}
Event: 202.626 GC heap after
{Heap after GC invocations=35 (full 0):
 garbage-first heap   total 183296K, used 102973K [0x0000000080000000, 0x0000000100000000)
  region size 1024K, 5 young (5120K), 5 survivors (5120K)
 Metaspace       used 100141K, committed 100864K, reserved 1179648K
  class space    used 14066K, committed 14400K, reserved 1048576K
}
Event: 203.803 GC heap before
{Heap before GC invocations=36 (full 0):
 garbage-first heap   total 193536K, used 156221K [0x0000000080000000, 0x0000000100000000)
  region size 1024K, 51 young (52224K), 5 survivors (5120K)
 Metaspace       used 102456K, committed 103232K, reserved 1179648K
  class space    used 14298K, committed 14656K, reserved 1048576K
}
Event: 203.817 GC heap after
{Heap after GC invocations=37 (full 0):
 garbage-first heap   total 193536K, used 109882K [0x0000000080000000, 0x0000000100000000)
  region size 1024K, 7 young (7168K), 7 survivors (7168K)
 Metaspace       used 102456K, committed 103232K, reserved 1179648K
  class space    used 14298K, committed 14656K, reserved 1048576K
}
Event: 203.867 GC heap before
{Heap before GC invocations=37 (full 0):
 garbage-first heap   total 193536K, used 111930K [0x0000000080000000, 0x0000000100000000)
  region size 1024K, 9 young (9216K), 7 survivors (7168K)
 Metaspace       used 102456K, committed 103232K, reserved 1179648K
  class space    used 14298K, committed 14656K, reserved 1048576K
}
Event: 203.876 GC heap after
{Heap after GC invocations=38 (full 0):
 garbage-first heap   total 193536K, used 110063K [0x0000000080000000, 0x0000000100000000)
  region size 1024K, 2 young (2048K), 2 survivors (2048K)
 Metaspace       used 102456K, committed 103232K, reserved 1179648K
  class space    used 14298K, committed 14656K, reserved 1048576K
}
Event: 205.187 GC heap before
{Heap before GC invocations=38 (full 0):
 garbage-first heap   total 193536K, used 156143K [0x0000000080000000, 0x0000000100000000)
  region size 1024K, 47 young (48128K), 2 survivors (2048K)
 Metaspace       used 105346K, committed 106112K, reserved 1179648K
  class space    used 14670K, committed 15040K, reserved 1048576K
}
Event: 205.199 GC heap after
{Heap after GC invocations=39 (full 0):
 garbage-first heap   total 193536K, used 122243K [0x0000000080000000, 0x0000000100000000)
  region size 1024K, 6 young (6144K), 6 survivors (6144K)
 Metaspace       used 105346K, committed 106112K, reserved 1179648K
  class space    used 14670K, committed 15040K, reserved 1048576K
}
Event: 206.078 GC heap before
{Heap before GC invocations=39 (full 0):
 garbage-first heap   total 193536K, used 172419K [0x0000000080000000, 0x0000000100000000)
  region size 1024K, 39 young (39936K), 6 survivors (6144K)
 Metaspace       used 107573K, committed 108352K, reserved 1179648K
  class space    used 14904K, committed 15296K, reserved 1048576K
}
Event: 206.091 GC heap after
{Heap after GC invocations=40 (full 0):
 garbage-first heap   total 193536K, used 127092K [0x0000000080000000, 0x0000000100000000)
  region size 1024K, 5 young (5120K), 5 survivors (5120K)
 Metaspace       used 107573K, committed 108352K, reserved 1179648K
  class space    used 14904K, committed 15296K, reserved 1048576K
}
Event: 206.373 GC heap before
{Heap before GC invocations=40 (full 0):
 garbage-first heap   total 193536K, used 156788K [0x0000000080000000, 0x0000000100000000)
  region size 1024K, 35 young (35840K), 5 survivors (5120K)
 Metaspace       used 108923K, committed 109696K, reserved 1179648K
  class space    used 15048K, committed 15424K, reserved 1048576K
}
Event: 206.383 GC heap after
{Heap after GC invocations=41 (full 0):
 garbage-first heap   total 193536K, used 130832K [0x0000000080000000, 0x0000000100000000)
  region size 1024K, 4 young (4096K), 4 survivors (4096K)
 Metaspace       used 108923K, committed 109696K, reserved 1179648K
  class space    used 15048K, committed 15424K, reserved 1048576K
}
Event: 206.735 GC heap before
{Heap before GC invocations=41 (full 0):
 garbage-first heap   total 193536K, used 158480K [0x0000000080000000, 0x0000000100000000)
  region size 1024K, 32 young (32768K), 4 survivors (4096K)
 Metaspace       used 109082K, committed 109824K, reserved 1179648K
  class space    used 15058K, committed 15424K, reserved 1048576K
}

